2014-01-05 19:33:09 [SERVER] [INFO] Starting integrated minecraft server version 1.6.4
2014-01-05 19:33:09 [SERVER] [INFO] Generating keypair
2014-01-05 19:33:09 [SERVER] [INFO] Converting map!
2014-01-05 19:33:09 [SERVER] [INFO] Scanning folders...
2014-01-05 19:33:09 [SERVER] [INFO] Total conversion count is 0
2014-01-05 19:33:10 [SERVER] [INFO] Preparing start region for level 0
2014-01-05 19:33:11 [SERVER] [INFO] Preparing spawn area: 10%
2014-01-05 19:33:12 [SERVER] [INFO] Preparing spawn area: 29%
2014-01-05 19:33:13 [SERVER] [INFO] Preparing spawn area: 53%
2014-01-05 19:33:14 [SERVER] [INFO] Preparing spawn area: 79%
2014-01-05 19:33:15 [SERVER] [INFO] Player872[/127.0.0.1:0] logged in with entity id 208 at (258.5, 64.0, 270.5)
2014-01-05 19:33:15 [SERVER] [INFO] Player872 joined the game
2014-01-05 19:33:48 [SERVER] [INFO] [Player872: Given Smooth Stone (ID 2500) * 1 to Player872]
2014-01-05 19:34:10 [SERVER] [INFO] Saving and pausing game...
2014-01-05 19:34:10 [SERVER] [INFO] Saving chunks for level 'New World'/Overworld
2014-01-05 19:34:10 [SERVER] [INFO] Saving chunks for level 'New World'/Nether
2014-01-05 19:34:10 [SERVER] [INFO] Saving chunks for level 'New World'/The End
2014-01-05 19:34:44 [SERVER] [INFO] Stopping server
2014-01-05 19:34:44 [SERVER] [INFO] Saving players
2014-01-05 19:34:44 [SERVER] [INFO] Player872 left the game
2014-01-05 19:34:44 [SERVER] [INFO] Saving worlds
2014-01-05 19:34:44 [SERVER] [INFO] Saving chunks for level 'New World'/Overworld
2014-01-05 19:34:44 [SERVER] [INFO] Saving chunks for level 'New World'/Nether
2014-01-05 19:34:44 [SERVER] [INFO] Saving chunks for level 'New World'/The End
2014-01-05 19:37:03 [SERVER] [INFO] Starting integrated minecraft server version 1.6.4
2014-01-05 19:37:03 [SERVER] [INFO] Generating keypair
2014-01-05 19:37:04 [SERVER] [INFO] Preparing start region for level 0
2014-01-05 19:37:05 [SERVER] [INFO] Player555[/127.0.0.1:0] logged in with entity id 328 at (258.9508559602757, 65.3824626559462, 274.7794237279009)
2014-01-05 19:37:05 [SERVER] [INFO] Player555 joined the game
2014-01-05 19:37:57 [SERVER] [INFO] [Player555: Set own game mode to Survival Mode]
2014-01-05 19:38:16 [SERVER] [INFO] [Player555: Set own game mode to Creative Mode]
2014-01-05 19:38:41 [SERVER] [INFO] Saving and pausing game...
2014-01-05 19:38:41 [SERVER] [INFO] Saving chunks for level 'New World'/Overworld
2014-01-05 19:38:41 [SERVER] [INFO] Saving chunks for level 'New World'/Nether
2014-01-05 19:38:41 [SERVER] [INFO] Saving chunks for level 'New World'/The End
2014-01-05 19:38:42 [SERVER] [INFO] Stopping server
2014-01-05 19:38:42 [SERVER] [INFO] Saving players
2014-01-05 19:38:42 [SERVER] [INFO] Player555 left the game
2014-01-05 19:38:42 [SERVER] [INFO] Saving worlds
2014-01-05 19:38:42 [SERVER] [INFO] Saving chunks for level 'New World'/Overworld
2014-01-05 19:38:42 [SERVER] [INFO] Saving chunks for level 'New World'/Nether
2014-01-05 19:38:42 [SERVER] [INFO] Saving chunks for level 'New World'/The End
